2024-06-04 23:25:46 - INFO - Train with configuration ==> ft_lr: 0.00050, fc_lr: 0.01000, batch_size:  64
2024-06-04 23:34:28 - INFO - [Epoch  1 / 15, Model CNN], Training loss is 2.485081
2024-06-04 23:34:57 - INFO - [Epoch  1 / 15, Model CNN], Testing loss is 0.925099, Top-5 accuracy is 0.953100, Top-1 accuracy is 0.739200
2024-06-04 23:43:42 - INFO - [Epoch  2 / 15, Model CNN], Training loss is 1.438241
2024-06-04 23:44:11 - INFO - [Epoch  2 / 15, Model CNN], Testing loss is 0.709034, Top-5 accuracy is 0.966300, Top-1 accuracy is 0.787900
2024-06-04 23:52:56 - INFO - [Epoch  3 / 15, Model CNN], Training loss is 1.294104
2024-06-04 23:53:26 - INFO - [Epoch  3 / 15, Model CNN], Testing loss is 0.657973, Top-5 accuracy is 0.974100, Top-1 accuracy is 0.816600
2024-06-05 00:02:11 - INFO - [Epoch  4 / 15, Model CNN], Training loss is 1.211282
2024-06-05 00:02:40 - INFO - [Epoch  4 / 15, Model CNN], Testing loss is 0.576533, Top-5 accuracy is 0.976800, Top-1 accuracy is 0.827500
2024-06-05 00:11:25 - INFO - [Epoch  5 / 15, Model CNN], Training loss is 1.112311
2024-06-05 00:11:55 - INFO - [Epoch  5 / 15, Model CNN], Testing loss is 0.562253, Top-5 accuracy is 0.977600, Top-1 accuracy is 0.831600
2024-06-05 00:20:40 - INFO - [Epoch  6 / 15, Model CNN], Training loss is 1.073375
2024-06-05 00:21:09 - INFO - [Epoch  6 / 15, Model CNN], Testing loss is 0.544286, Top-5 accuracy is 0.979600, Top-1 accuracy is 0.834000
2024-06-05 00:29:54 - INFO - [Epoch  7 / 15, Model CNN], Training loss is 1.062752
2024-06-05 00:30:24 - INFO - [Epoch  7 / 15, Model CNN], Testing loss is 0.527726, Top-5 accuracy is 0.979800, Top-1 accuracy is 0.841100
2024-06-05 00:39:09 - INFO - [Epoch  8 / 15, Model CNN], Training loss is 1.081252
2024-06-05 00:39:39 - INFO - [Epoch  8 / 15, Model CNN], Testing loss is 0.514094, Top-5 accuracy is 0.980000, Top-1 accuracy is 0.840600
2024-06-05 00:48:23 - INFO - [Epoch  9 / 15, Model CNN], Training loss is 1.040382
2024-06-05 00:48:53 - INFO - [Epoch  9 / 15, Model CNN], Testing loss is 0.509111, Top-5 accuracy is 0.979800, Top-1 accuracy is 0.843500
2024-06-05 00:57:38 - INFO - [Epoch 10 / 15, Model CNN], Training loss is 0.999589
2024-06-05 00:58:07 - INFO - [Epoch 10 / 15, Model CNN], Testing loss is 0.507986, Top-5 accuracy is 0.980400, Top-1 accuracy is 0.844900
2024-06-05 01:06:52 - INFO - [Epoch 11 / 15, Model CNN], Training loss is 0.992810
2024-06-05 01:07:21 - INFO - [Epoch 11 / 15, Model CNN], Testing loss is 0.510721, Top-5 accuracy is 0.980700, Top-1 accuracy is 0.845000
2024-06-05 01:16:06 - INFO - [Epoch 12 / 15, Model CNN], Training loss is 1.031476
2024-06-05 01:16:36 - INFO - [Epoch 12 / 15, Model CNN], Testing loss is 0.516119, Top-5 accuracy is 0.981600, Top-1 accuracy is 0.845300
2024-06-05 01:25:20 - INFO - [Epoch 13 / 15, Model CNN], Training loss is 1.005480
2024-06-05 01:25:50 - INFO - [Epoch 13 / 15, Model CNN], Testing loss is 0.504375, Top-5 accuracy is 0.981200, Top-1 accuracy is 0.845700
2024-06-05 01:34:35 - INFO - [Epoch 14 / 15, Model CNN], Training loss is 1.011454
2024-06-05 01:35:04 - INFO - [Epoch 14 / 15, Model CNN], Testing loss is 0.513889, Top-5 accuracy is 0.981200, Top-1 accuracy is 0.846500
2024-06-05 01:43:49 - INFO - [Epoch 15 / 15, Model CNN], Training loss is 1.021899
2024-06-05 01:44:19 - INFO - [Epoch 15 / 15, Model CNN], Testing loss is 0.522955, Top-5 accuracy is 0.981400, Top-1 accuracy is 0.847300
