2024-06-16 11:56:35 - INFO - [Epoch   1 / 100], Training loss is 4.637970
2024-06-16 11:56:35 - INFO - [Epoch   1 / 100], Validation loss is 3.823664, Validation accuracy is 0.310000
2024-06-16 11:56:35 - INFO - [Epoch   2 / 100], Training loss is 3.837136
2024-06-16 11:56:35 - INFO - [Epoch   2 / 100], Validation loss is 3.114043, Validation accuracy is 0.538100
2024-06-16 11:56:35 - INFO - [Epoch   3 / 100], Training loss is 3.132705
2024-06-16 11:56:35 - INFO - [Epoch   3 / 100], Validation loss is 2.494190, Validation accuracy is 0.660700
2024-06-16 11:56:35 - INFO - [Epoch   4 / 100], Training loss is 2.499274
2024-06-16 11:56:35 - INFO - [Epoch   4 / 100], Validation loss is 1.996049, Validation accuracy is 0.711500
2024-06-16 11:56:35 - INFO - [Epoch   5 / 100], Training loss is 1.965288
2024-06-16 11:56:35 - INFO - [Epoch   5 / 100], Validation loss is 1.629599, Validation accuracy is 0.738000
2024-06-16 11:56:35 - INFO - [Epoch   6 / 100], Training loss is 1.546586
2024-06-16 11:56:35 - INFO - [Epoch   6 / 100], Validation loss is 1.373018, Validation accuracy is 0.746000
2024-06-16 11:56:35 - INFO - [Epoch   7 / 100], Training loss is 1.232903
2024-06-16 11:56:35 - INFO - [Epoch   7 / 100], Validation loss is 1.195115, Validation accuracy is 0.753000
2024-06-16 11:56:35 - INFO - [Epoch   8 / 100], Training loss is 1.001649
2024-06-16 11:56:35 - INFO - [Epoch   8 / 100], Validation loss is 1.071502, Validation accuracy is 0.758200
2024-06-16 11:56:35 - INFO - [Epoch   9 / 100], Training loss is 0.831568
2024-06-16 11:56:35 - INFO - [Epoch   9 / 100], Validation loss is 0.985968, Validation accuracy is 0.764400
2024-06-16 11:56:35 - INFO - [Epoch  10 / 100], Training loss is 0.706302
2024-06-16 11:56:35 - INFO - [Epoch  10 / 100], Validation loss is 0.926620, Validation accuracy is 0.766800
2024-06-16 11:56:35 - INFO - [Epoch  11 / 100], Training loss is 0.613110
2024-06-16 11:56:35 - INFO - [Epoch  11 / 100], Validation loss is 0.884454, Validation accuracy is 0.767700
2024-06-16 11:56:35 - INFO - [Epoch  12 / 100], Training loss is 0.542257
2024-06-16 11:56:35 - INFO - [Epoch  12 / 100], Validation loss is 0.853683, Validation accuracy is 0.770600
2024-06-16 11:56:35 - INFO - [Epoch  13 / 100], Training loss is 0.487118
2024-06-16 11:56:35 - INFO - [Epoch  13 / 100], Validation loss is 0.831241, Validation accuracy is 0.770700
2024-06-16 11:56:35 - INFO - [Epoch  14 / 100], Training loss is 0.443586
2024-06-16 11:56:35 - INFO - [Epoch  14 / 100], Validation loss is 0.815367, Validation accuracy is 0.771000
2024-06-16 11:56:35 - INFO - [Epoch  15 / 100], Training loss is 0.408955
2024-06-16 11:56:35 - INFO - [Epoch  15 / 100], Validation loss is 0.804589, Validation accuracy is 0.771000
2024-06-16 11:56:35 - INFO - [Epoch  16 / 100], Training loss is 0.381142
2024-06-16 11:56:35 - INFO - [Epoch  16 / 100], Validation loss is 0.797519, Validation accuracy is 0.772200
2024-06-16 11:56:35 - INFO - [Epoch  17 / 100], Training loss is 0.358472
2024-06-16 11:56:35 - INFO - [Epoch  17 / 100], Validation loss is 0.793022, Validation accuracy is 0.773400
2024-06-16 11:56:35 - INFO - [Epoch  18 / 100], Training loss is 0.339674
2024-06-16 11:56:35 - INFO - [Epoch  18 / 100], Validation loss is 0.790291, Validation accuracy is 0.774100
2024-06-16 11:56:35 - INFO - [Epoch  19 / 100], Training loss is 0.323852
2024-06-16 11:56:35 - INFO - [Epoch  19 / 100], Validation loss is 0.788797, Validation accuracy is 0.773600
2024-06-16 11:56:35 - INFO - [Epoch  20 / 100], Training loss is 0.310380
2024-06-16 11:56:35 - INFO - [Epoch  20 / 100], Validation loss is 0.788212, Validation accuracy is 0.773100
2024-06-16 11:56:35 - INFO - [Epoch  21 / 100], Training loss is 0.298822
2024-06-16 11:56:35 - INFO - [Epoch  21 / 100], Validation loss is 0.788328, Validation accuracy is 0.772500
2024-06-16 11:56:35 - INFO - [Epoch  22 / 100], Training loss is 0.288858
2024-06-16 11:56:35 - INFO - [Epoch  22 / 100], Validation loss is 0.788965, Validation accuracy is 0.772300
2024-06-16 11:56:35 - INFO - [Epoch  23 / 100], Training loss is 0.280224
2024-06-16 11:56:35 - INFO - [Epoch  23 / 100], Validation loss is 0.789946, Validation accuracy is 0.772700
2024-06-16 11:56:35 - INFO - [Epoch  24 / 100], Training loss is 0.272685
2024-06-16 11:56:35 - INFO - [Epoch  24 / 100], Validation loss is 0.791121, Validation accuracy is 0.773700
2024-06-16 11:56:35 - INFO - [Epoch  25 / 100], Training loss is 0.266043
2024-06-16 11:56:35 - INFO - [Epoch  25 / 100], Validation loss is 0.792399, Validation accuracy is 0.774900
2024-06-16 11:56:35 - INFO - [Epoch  26 / 100], Training loss is 0.260152
2024-06-16 11:56:35 - INFO - [Epoch  26 / 100], Validation loss is 0.793731, Validation accuracy is 0.775400
2024-06-16 11:56:35 - INFO - [Epoch  27 / 100], Training loss is 0.254905
2024-06-16 11:56:35 - INFO - [Epoch  27 / 100], Validation loss is 0.795080, Validation accuracy is 0.775900
2024-06-16 11:56:35 - INFO - [Epoch  28 / 100], Training loss is 0.250218
2024-06-16 11:56:35 - INFO - [Epoch  28 / 100], Validation loss is 0.796403, Validation accuracy is 0.776500
2024-06-16 11:56:35 - INFO - [Epoch  29 / 100], Training loss is 0.246012
2024-06-16 11:56:35 - INFO - [Epoch  29 / 100], Validation loss is 0.797662, Validation accuracy is 0.776300
2024-06-16 11:56:35 - INFO - [Epoch  30 / 100], Training loss is 0.242215
2024-06-16 11:56:35 - INFO - [Epoch  30 / 100], Validation loss is 0.798836, Validation accuracy is 0.776100
2024-06-16 11:56:35 - INFO - [Epoch  31 / 100], Training loss is 0.238769
2024-06-16 11:56:35 - INFO - [Epoch  31 / 100], Validation loss is 0.799924, Validation accuracy is 0.776600
2024-06-16 11:56:35 - INFO - [Epoch  32 / 100], Training loss is 0.235630
2024-06-16 11:56:35 - INFO - [Epoch  32 / 100], Validation loss is 0.800933, Validation accuracy is 0.776700
2024-06-16 11:56:35 - INFO - [Epoch  33 / 100], Training loss is 0.232764
2024-06-16 11:56:35 - INFO - [Epoch  33 / 100], Validation loss is 0.801870, Validation accuracy is 0.776800
2024-06-16 11:56:35 - INFO - [Epoch  34 / 100], Training loss is 0.230146
2024-06-16 11:56:35 - INFO - [Epoch  34 / 100], Validation loss is 0.802736, Validation accuracy is 0.776600
2024-06-16 11:56:35 - INFO - [Epoch  35 / 100], Training loss is 0.227752
2024-06-16 11:56:35 - INFO - [Epoch  35 / 100], Validation loss is 0.803523, Validation accuracy is 0.777600
2024-06-16 11:56:35 - INFO - [Epoch  36 / 100], Training loss is 0.225558
2024-06-16 11:56:35 - INFO - [Epoch  36 / 100], Validation loss is 0.804223, Validation accuracy is 0.777700
2024-06-16 11:56:35 - INFO - [Epoch  37 / 100], Training loss is 0.223539
2024-06-16 11:56:35 - INFO - [Epoch  37 / 100], Validation loss is 0.804833, Validation accuracy is 0.777400
2024-06-16 11:56:35 - INFO - [Epoch  38 / 100], Training loss is 0.221678
2024-06-16 11:56:35 - INFO - [Epoch  38 / 100], Validation loss is 0.805363, Validation accuracy is 0.777700
2024-06-16 11:56:35 - INFO - [Epoch  39 / 100], Training loss is 0.219961
2024-06-16 11:56:35 - INFO - [Epoch  39 / 100], Validation loss is 0.805825, Validation accuracy is 0.777100
2024-06-16 11:56:35 - INFO - [Epoch  40 / 100], Training loss is 0.218376
2024-06-16 11:56:35 - INFO - [Epoch  40 / 100], Validation loss is 0.806232, Validation accuracy is 0.777000
2024-06-16 11:56:35 - INFO - [Epoch  41 / 100], Training loss is 0.216912
2024-06-16 11:56:35 - INFO - [Epoch  41 / 100], Validation loss is 0.806586, Validation accuracy is 0.777100
2024-06-16 11:56:35 - INFO - [Epoch  42 / 100], Training loss is 0.215556
2024-06-16 11:56:35 - INFO - [Epoch  42 / 100], Validation loss is 0.806890, Validation accuracy is 0.777200
2024-06-16 11:56:35 - INFO - [Epoch  43 / 100], Training loss is 0.214298
2024-06-16 11:56:35 - INFO - [Epoch  43 / 100], Validation loss is 0.807149, Validation accuracy is 0.777200
2024-06-16 11:56:35 - INFO - [Epoch  44 / 100], Training loss is 0.213129
2024-06-16 11:56:35 - INFO - [Epoch  44 / 100], Validation loss is 0.807366, Validation accuracy is 0.777500
2024-06-16 11:56:35 - INFO - [Epoch  45 / 100], Training loss is 0.212046
2024-06-16 11:56:35 - INFO - [Epoch  45 / 100], Validation loss is 0.807547, Validation accuracy is 0.777400
2024-06-16 11:56:35 - INFO - [Epoch  46 / 100], Training loss is 0.211042
2024-06-16 11:56:35 - INFO - [Epoch  46 / 100], Validation loss is 0.807692, Validation accuracy is 0.777600
2024-06-16 11:56:35 - INFO - [Epoch  47 / 100], Training loss is 0.210112
2024-06-16 11:56:35 - INFO - [Epoch  47 / 100], Validation loss is 0.807802, Validation accuracy is 0.777800
2024-06-16 11:56:35 - INFO - [Epoch  48 / 100], Training loss is 0.209248
2024-06-16 11:56:35 - INFO - [Epoch  48 / 100], Validation loss is 0.807877, Validation accuracy is 0.778100
2024-06-16 11:56:35 - INFO - [Epoch  49 / 100], Training loss is 0.208446
2024-06-16 11:56:35 - INFO - [Epoch  49 / 100], Validation loss is 0.807914, Validation accuracy is 0.778000
2024-06-16 11:56:35 - INFO - [Epoch  50 / 100], Training loss is 0.207699
2024-06-16 11:56:35 - INFO - [Epoch  50 / 100], Validation loss is 0.807912, Validation accuracy is 0.778300
2024-06-16 11:56:35 - INFO - [Epoch  51 / 100], Training loss is 0.207004
2024-06-16 11:56:35 - INFO - [Epoch  51 / 100], Validation loss is 0.807870, Validation accuracy is 0.778400
2024-06-16 11:56:35 - INFO - [Epoch  52 / 100], Training loss is 0.206357
2024-06-16 11:56:35 - INFO - [Epoch  52 / 100], Validation loss is 0.807790, Validation accuracy is 0.778700
2024-06-16 11:56:35 - INFO - [Epoch  53 / 100], Training loss is 0.205755
2024-06-16 11:56:35 - INFO - [Epoch  53 / 100], Validation loss is 0.807673, Validation accuracy is 0.778700
2024-06-16 11:56:35 - INFO - [Epoch  54 / 100], Training loss is 0.205195
2024-06-16 11:56:35 - INFO - [Epoch  54 / 100], Validation loss is 0.807525, Validation accuracy is 0.779300
2024-06-16 11:56:35 - INFO - [Epoch  55 / 100], Training loss is 0.204672
2024-06-16 11:56:35 - INFO - [Epoch  55 / 100], Validation loss is 0.807351, Validation accuracy is 0.779300
2024-06-16 11:56:35 - INFO - [Epoch  56 / 100], Training loss is 0.204185
2024-06-16 11:56:35 - INFO - [Epoch  56 / 100], Validation loss is 0.807158, Validation accuracy is 0.779500
2024-06-16 11:56:35 - INFO - [Epoch  57 / 100], Training loss is 0.203732
2024-06-16 11:56:35 - INFO - [Epoch  57 / 100], Validation loss is 0.806953, Validation accuracy is 0.779800
2024-06-16 11:56:35 - INFO - [Epoch  58 / 100], Training loss is 0.203312
2024-06-16 11:56:35 - INFO - [Epoch  58 / 100], Validation loss is 0.806738, Validation accuracy is 0.780300
2024-06-16 11:56:35 - INFO - [Epoch  59 / 100], Training loss is 0.202922
2024-06-16 11:56:35 - INFO - [Epoch  59 / 100], Validation loss is 0.806517, Validation accuracy is 0.780600
2024-06-16 11:56:35 - INFO - [Epoch  60 / 100], Training loss is 0.202559
2024-06-16 11:56:35 - INFO - [Epoch  60 / 100], Validation loss is 0.806292, Validation accuracy is 0.780700
2024-06-16 11:56:35 - INFO - [Epoch  61 / 100], Training loss is 0.202222
2024-06-16 11:56:35 - INFO - [Epoch  61 / 100], Validation loss is 0.806071, Validation accuracy is 0.780900
2024-06-16 11:56:35 - INFO - [Epoch  62 / 100], Training loss is 0.201907
2024-06-16 11:56:35 - INFO - [Epoch  62 / 100], Validation loss is 0.805858, Validation accuracy is 0.780800
2024-06-16 11:56:35 - INFO - [Epoch  63 / 100], Training loss is 0.201615
2024-06-16 11:56:35 - INFO - [Epoch  63 / 100], Validation loss is 0.805656, Validation accuracy is 0.781100
2024-06-16 11:56:35 - INFO - [Epoch  64 / 100], Training loss is 0.201343
2024-06-16 11:56:35 - INFO - [Epoch  64 / 100], Validation loss is 0.805466, Validation accuracy is 0.780900
2024-06-16 11:56:35 - INFO - [Epoch  65 / 100], Training loss is 0.201089
2024-06-16 11:56:35 - INFO - [Epoch  65 / 100], Validation loss is 0.805284, Validation accuracy is 0.780900
2024-06-16 11:56:35 - INFO - [Epoch  66 / 100], Training loss is 0.200852
2024-06-16 11:56:35 - INFO - [Epoch  66 / 100], Validation loss is 0.805104, Validation accuracy is 0.781000
2024-06-16 11:56:35 - INFO - [Epoch  67 / 100], Training loss is 0.200631
2024-06-16 11:56:35 - INFO - [Epoch  67 / 100], Validation loss is 0.804919, Validation accuracy is 0.780900
2024-06-16 11:56:35 - INFO - [Epoch  68 / 100], Training loss is 0.200425
2024-06-16 11:56:35 - INFO - [Epoch  68 / 100], Validation loss is 0.804722, Validation accuracy is 0.781000
2024-06-16 11:56:35 - INFO - [Epoch  69 / 100], Training loss is 0.200234
2024-06-16 11:56:35 - INFO - [Epoch  69 / 100], Validation loss is 0.804511, Validation accuracy is 0.781100
2024-06-16 11:56:35 - INFO - [Epoch  70 / 100], Training loss is 0.200055
2024-06-16 11:56:35 - INFO - [Epoch  70 / 100], Validation loss is 0.804284, Validation accuracy is 0.781600
2024-06-16 11:56:35 - INFO - [Epoch  71 / 100], Training loss is 0.199888
2024-06-16 11:56:35 - INFO - [Epoch  71 / 100], Validation loss is 0.804048, Validation accuracy is 0.781400
2024-06-16 11:56:35 - INFO - [Epoch  72 / 100], Training loss is 0.199731
2024-06-16 11:56:35 - INFO - [Epoch  72 / 100], Validation loss is 0.803812, Validation accuracy is 0.781400
2024-06-16 11:56:35 - INFO - [Epoch  73 / 100], Training loss is 0.199585
2024-06-16 11:56:35 - INFO - [Epoch  73 / 100], Validation loss is 0.803582, Validation accuracy is 0.781300
2024-06-16 11:56:35 - INFO - [Epoch  74 / 100], Training loss is 0.199448
2024-06-16 11:56:36 - INFO - [Epoch  74 / 100], Validation loss is 0.803365, Validation accuracy is 0.781300
2024-06-16 11:56:36 - INFO - [Epoch  75 / 100], Training loss is 0.199319
2024-06-16 11:56:36 - INFO - [Epoch  75 / 100], Validation loss is 0.803163, Validation accuracy is 0.781200
2024-06-16 11:56:36 - INFO - [Epoch  76 / 100], Training loss is 0.199198
2024-06-16 11:56:36 - INFO - [Epoch  76 / 100], Validation loss is 0.802974, Validation accuracy is 0.780900
2024-06-16 11:56:36 - INFO - [Epoch  77 / 100], Training loss is 0.199083
2024-06-16 11:56:36 - INFO - [Epoch  77 / 100], Validation loss is 0.802795, Validation accuracy is 0.780600
2024-06-16 11:56:36 - INFO - [Epoch  78 / 100], Training loss is 0.198975
2024-06-16 11:56:36 - INFO - [Epoch  78 / 100], Validation loss is 0.802624, Validation accuracy is 0.780800
2024-06-16 11:56:36 - INFO - [Epoch  79 / 100], Training loss is 0.198873
2024-06-16 11:56:36 - INFO - [Epoch  79 / 100], Validation loss is 0.802455, Validation accuracy is 0.780900
2024-06-16 11:56:36 - INFO - [Epoch  80 / 100], Training loss is 0.198776
2024-06-16 11:56:36 - INFO - [Epoch  80 / 100], Validation loss is 0.802287, Validation accuracy is 0.781000
2024-06-16 11:56:36 - INFO - [Epoch  81 / 100], Training loss is 0.198684
2024-06-16 11:56:36 - INFO - [Epoch  81 / 100], Validation loss is 0.802118, Validation accuracy is 0.780900
2024-06-16 11:56:36 - INFO - [Epoch  82 / 100], Training loss is 0.198596
2024-06-16 11:56:36 - INFO - [Epoch  82 / 100], Validation loss is 0.801949, Validation accuracy is 0.780900
2024-06-16 11:56:36 - INFO - [Epoch  83 / 100], Training loss is 0.198511
2024-06-16 11:56:36 - INFO - [Epoch  83 / 100], Validation loss is 0.801781, Validation accuracy is 0.780900
2024-06-16 11:56:36 - INFO - [Epoch  84 / 100], Training loss is 0.198430
2024-06-16 11:56:36 - INFO - [Epoch  84 / 100], Validation loss is 0.801615, Validation accuracy is 0.781000
2024-06-16 11:56:36 - INFO - [Epoch  85 / 100], Training loss is 0.198353
2024-06-16 11:56:36 - INFO - [Epoch  85 / 100], Validation loss is 0.801455, Validation accuracy is 0.780600
2024-06-16 11:56:36 - INFO - [Epoch  86 / 100], Training loss is 0.198277
2024-06-16 11:56:36 - INFO - [Epoch  86 / 100], Validation loss is 0.801304, Validation accuracy is 0.780500
2024-06-16 11:56:36 - INFO - [Epoch  87 / 100], Training loss is 0.198205
2024-06-16 11:56:36 - INFO - [Epoch  87 / 100], Validation loss is 0.801163, Validation accuracy is 0.780400
2024-06-16 11:56:36 - INFO - [Epoch  88 / 100], Training loss is 0.198134
2024-06-16 11:56:36 - INFO - [Epoch  88 / 100], Validation loss is 0.801035, Validation accuracy is 0.780400
2024-06-16 11:56:36 - INFO - [Epoch  89 / 100], Training loss is 0.198065
2024-06-16 11:56:36 - INFO - [Epoch  89 / 100], Validation loss is 0.800917, Validation accuracy is 0.780300
2024-06-16 11:56:36 - INFO - [Epoch  90 / 100], Training loss is 0.197997
2024-06-16 11:56:36 - INFO - [Epoch  90 / 100], Validation loss is 0.800809, Validation accuracy is 0.780400
2024-06-16 11:56:36 - INFO - [Epoch  91 / 100], Training loss is 0.197931
2024-06-16 11:56:36 - INFO - [Epoch  91 / 100], Validation loss is 0.800708, Validation accuracy is 0.780700
2024-06-16 11:56:36 - INFO - [Epoch  92 / 100], Training loss is 0.197865
2024-06-16 11:56:36 - INFO - [Epoch  92 / 100], Validation loss is 0.800611, Validation accuracy is 0.780700
2024-06-16 11:56:36 - INFO - [Epoch  93 / 100], Training loss is 0.197800
2024-06-16 11:56:36 - INFO - [Epoch  93 / 100], Validation loss is 0.800518, Validation accuracy is 0.780800
2024-06-16 11:56:36 - INFO - [Epoch  94 / 100], Training loss is 0.197736
2024-06-16 11:56:36 - INFO - [Epoch  94 / 100], Validation loss is 0.800429, Validation accuracy is 0.780900
2024-06-16 11:56:36 - INFO - [Epoch  95 / 100], Training loss is 0.197673
2024-06-16 11:56:36 - INFO - [Epoch  95 / 100], Validation loss is 0.800345, Validation accuracy is 0.780900
2024-06-16 11:56:36 - INFO - [Epoch  96 / 100], Training loss is 0.197609
2024-06-16 11:56:36 - INFO - [Epoch  96 / 100], Validation loss is 0.800266, Validation accuracy is 0.781000
2024-06-16 11:56:36 - INFO - [Epoch  97 / 100], Training loss is 0.197545
2024-06-16 11:56:36 - INFO - [Epoch  97 / 100], Validation loss is 0.800193, Validation accuracy is 0.781000
2024-06-16 11:56:36 - INFO - [Epoch  98 / 100], Training loss is 0.197482
2024-06-16 11:56:36 - INFO - [Epoch  98 / 100], Validation loss is 0.800127, Validation accuracy is 0.780900
2024-06-16 11:56:36 - INFO - [Epoch  99 / 100], Training loss is 0.197418
2024-06-16 11:56:36 - INFO - [Epoch  99 / 100], Validation loss is 0.800067, Validation accuracy is 0.780700
2024-06-16 11:56:36 - INFO - [Epoch 100 / 100], Training loss is 0.197354
2024-06-16 11:56:36 - INFO - [Epoch 100 / 100], Validation loss is 0.800014, Validation accuracy is 0.780700
